06/16/2022 10:08:47 AM El hilo BTCUSDT empezó a ejecutarse
06/16/2022 10:08:51 AM HILO PARADO MANUALMENTE
06/16/2022 10:08:58 AM El hilo BTCUSDT empezó a ejecutarse
06/16/2022 10:09:05 AM HILO PARADO MANUALMENTE
06/16/2022 10:09:16 AM El hilo BTCUSDT empezó a ejecutarse
06/16/2022 10:09:24 AM Compramos 0.00059a: 21696.25 Dinero actual: 12.8007875
06/16/2022 10:20:37 AM Vendemos 0.00059 a: 21710.55 Dinero actual: 12.809224500000001
06/16/2022 10:21:55 AM Compramos 0.00059a: 21696.94 Dinero actual: 12.8011946
06/16/2022 10:22:31 AM Vendemos 0.00059 a: 21708.02 Dinero actual: 12.8077318
06/16/2022 10:43:14 AM HILO PARADO MANUALMENTE
06/16/2022 10:43:29 AM El hilo BTCUSDT empezó a ejecutarse
06/16/2022 10:43:36 AM HILO PARADO MANUALMENTE
06/16/2022 10:43:45 AM El hilo BTCUSDT empezó a ejecutarse
06/16/2022 10:44:20 AM Compramos 0.00055a: 21784.75 Dinero actual: 11.9816125
06/16/2022 10:44:37 AM Vendemos 0.00055 a: 21797.42 Dinero actual: 11.988581
06/16/2022 10:44:58 AM Compramos 0.00055a: 21785.64 Dinero actual: 11.982102000000001
06/16/2022 10:49:32 AM Vendemos 0.00055 a: 21797.41 Dinero actual: 11.988575500000001
06/16/2022 10:50:17 AM Compramos 0.00055a: 21782.61 Dinero actual: 11.9804355
06/16/2022 10:52:52 AM Vendemos 0.00055 a: 21794.53 Dinero actual: 11.9869915
06/16/2022 10:53:03 AM Compramos 0.00055a: 21781.13 Dinero actual: 11.979621500000002
06/16/2022 10:53:22 AM Vendemos 0.00055 a: 21792.58 Dinero actual: 11.985919
06/16/2022 10:53:54 AM Compramos 0.00055a: 21777.49 Dinero actual: 11.977619500000001
06/16/2022 10:54:04 AM Vendemos 0.00055 a: 21789.1 Dinero actual: 11.984005
06/16/2022 10:54:08 AM Compramos 0.00055a: 21773.92 Dinero actual: 11.975655999999999
06/16/2022 10:54:13 AM Vendemos 0.00055 a: 21789.73 Dinero actual: 11.9843515
06/16/2022 10:55:21 AM Compramos 0.00055a: 21776.43 Dinero actual: 11.9770365
06/16/2022 10:55:55 AM Vendemos 0.00055 a: 21787.99 Dinero actual: 11.983394500000001
06/16/2022 10:56:02 AM Compramos 0.00055a: 21776.18 Dinero actual: 11.976899000000001
06/16/2022 10:56:14 AM Vendemos 0.00055 a: 21790.41 Dinero actual: 11.984725500000001
06/16/2022 11:00:01 AM Compramos 0.00055a: 21778.85 Dinero actual: 11.9783675
06/16/2022 11:00:15 AM Vendemos 0.00055 a: 21789.99 Dinero actual: 11.984494500000002
06/16/2022 11:00:18 AM Compramos 0.00055a: 21777.82 Dinero actual: 11.977801000000001
06/16/2022 11:01:14 AM Vendemos 0.00055 a: 21789.99 Dinero actual: 11.984494500000002
06/16/2022 11:01:27 AM Compramos 0.00055a: 21772.3 Dinero actual: 11.974765
06/16/2022 02:32:59 PM HILO PARADO MANUALMENTE
